{"/Users/henrique/dev/react-ninja/guithub-app/src/components/Button/index.js": {"path":"/Users/henrique/dev/react-ninja/guithub-app/src/components/Button/index.js","statementMap":{"0":{"start":{"line":7,"column":22},"end":{"line":13,"column":1}},"1":{"start":{"line":8,"column":2},"end":{"line":12,"column":4}},"2":{"start":{"line":15,"column":0},"end":{"line":18,"column":2}},"3":{"start":{"line":20,"column":0},"end":{"line":25,"column":2}}},"fnMap":{"0":{"name":"(anonymous_0)","decl":{"start":{"line":7,"column":22},"end":{"line":7,"column":23}},"loc":{"start":{"line":7,"column":64},"end":{"line":13,"column":1}},"line":7}},"branchMap":{},"s":{"0":2,"1":10,"2":2,"3":2},"f":{"0":10},"b":{},"_coverageSchema":"1a1c01bbd47fc00a2c39e90264f33305004495a9","hash":"5d24063b09a7f7e3f4bb3d4327cc0cf6a4f0737d"}
,"/Users/henrique/dev/react-ninja/guithub-app/src/components/Header/index.js": {"path":"/Users/henrique/dev/react-ninja/guithub-app/src/components/Header/index.js","statementMap":{"0":{"start":{"line":9,"column":22},"end":{"line":24,"column":1}},"1":{"start":{"line":10,"column":2},"end":{"line":23,"column":4}},"2":{"start":{"line":26,"column":0},"end":{"line":28,"column":2}},"3":{"start":{"line":30,"column":0},"end":{"line":32,"column":2}}},"fnMap":{"0":{"name":"(anonymous_0)","decl":{"start":{"line":9,"column":22},"end":{"line":9,"column":23}},"loc":{"start":{"line":9,"column":39},"end":{"line":24,"column":1}},"line":9}},"branchMap":{"0":{"loc":{"start":{"line":14,"column":7},"end":{"line":21,"column":7}},"type":"binary-expr","locations":[{"start":{"line":14,"column":7},"end":{"line":14,"column":16}},{"start":{"line":15,"column":8},"end":{"line":20,"column":14}}],"line":14}},"s":{"0":1,"1":5,"2":1,"3":1},"f":{"0":5},"b":{"0":[5,3]},"_coverageSchema":"1a1c01bbd47fc00a2c39e90264f33305004495a9","hash":"c68683ca1b8d3a12c92bbbd537cd42cddc2451ab"}
,"/Users/henrique/dev/react-ninja/guithub-app/src/components/InputSearch/index.js": {"path":"/Users/henrique/dev/react-ninja/guithub-app/src/components/InputSearch/index.js","statementMap":{"0":{"start":{"line":8,"column":27},"end":{"line":35,"column":1}},"1":{"start":{"line":15,"column":2},"end":{"line":34,"column":4}},"2":{"start":{"line":37,"column":0},"end":{"line":40,"column":2}},"3":{"start":{"line":42,"column":0},"end":{"line":48,"column":2}}},"fnMap":{"0":{"name":"(anonymous_0)","decl":{"start":{"line":8,"column":27},"end":{"line":8,"column":28}},"loc":{"start":{"line":14,"column":6},"end":{"line":35,"column":1}},"line":14}},"branchMap":{"0":{"loc":{"start":{"line":18,"column":41},"end":{"line":18,"column":64}},"type":"cond-expr","locations":[{"start":{"line":18,"column":49},"end":{"line":18,"column":59}},{"start":{"line":18,"column":62},"end":{"line":18,"column":64}}],"line":18},"1":{"loc":{"start":{"line":28,"column":7},"end":{"line":32,"column":7}},"type":"binary-expr","locations":[{"start":{"line":28,"column":7},"end":{"line":28,"column":12}},{"start":{"line":29,"column":8},"end":{"line":31,"column":15}}],"line":28}},"s":{"0":1,"1":5,"2":1,"3":1},"f":{"0":5},"b":{"0":[2,3],"1":[5,2]},"_coverageSchema":"1a1c01bbd47fc00a2c39e90264f33305004495a9","hash":"f51eccc39a53231483754e9893ae6b08b780e72c"}
,"/Users/henrique/dev/react-ninja/guithub-app/src/components/Pagination/index.js": {"path":"/Users/henrique/dev/react-ninja/guithub-app/src/components/Pagination/index.js","statementMap":{"0":{"start":{"line":11,"column":26},"end":{"line":29,"column":1}},"1":{"start":{"line":12,"column":2},"end":{"line":28,"column":4}},"2":{"start":{"line":15,"column":8},"end":{"line":25,"column":13}},"3":{"start":{"line":31,"column":0},"end":{"line":36,"column":2}},"4":{"start":{"line":38,"column":0},"end":{"line":43,"column":2}}},"fnMap":{"0":{"name":"(anonymous_0)","decl":{"start":{"line":11,"column":26},"end":{"line":11,"column":27}},"loc":{"start":{"line":11,"column":72},"end":{"line":29,"column":1}},"line":11},"1":{"name":"(anonymous_1)","decl":{"start":{"line":14,"column":45},"end":{"line":14,"column":46}},"loc":{"start":{"line":15,"column":8},"end":{"line":25,"column":13}},"line":15}},"branchMap":{"0":{"loc":{"start":{"line":16,"column":41},"end":{"line":16,"column":76}},"type":"cond-expr","locations":[{"start":{"line":16,"column":63},"end":{"line":16,"column":71}},{"start":{"line":16,"column":74},"end":{"line":16,"column":76}}],"line":16}},"s":{"0":1,"1":5,"2":21,"3":1,"4":1},"f":{"0":5,"1":21},"b":{"0":[4,17]},"_coverageSchema":"1a1c01bbd47fc00a2c39e90264f33305004495a9","hash":"ea8510342e6e72e60bd9136647b8240fa5184425"}
,"/Users/henrique/dev/react-ninja/guithub-app/src/components/Pagination/Page/index.js": {"path":"/Users/henrique/dev/react-ninja/guithub-app/src/components/Pagination/Page/index.js","statementMap":{"0":{"start":{"line":5,"column":13},"end":{"line":5,"column":70}},"1":{"start":{"line":5,"column":32},"end":{"line":5,"column":70}},"2":{"start":{"line":7,"column":20},"end":{"line":22,"column":1}},"3":{"start":{"line":8,"column":20},"end":{"line":8,"column":47}},"4":{"start":{"line":10,"column":22},"end":{"line":15,"column":7}},"5":{"start":{"line":13,"column":8},"end":{"line":13,"column":27}},"6":{"start":{"line":14,"column":8},"end":{"line":14,"column":22}},"7":{"start":{"line":17,"column":2},"end":{"line":21,"column":4}},"8":{"start":{"line":24,"column":0},"end":{"line":26,"column":2}},"9":{"start":{"line":28,"column":0},"end":{"line":30,"column":2}},"10":{"start":{"line":32,"column":0},"end":{"line":36,"column":2}},"11":{"start":{"line":38,"column":0},"end":{"line":43,"column":2}}},"fnMap":{"0":{"name":"(anonymous_0)","decl":{"start":{"line":5,"column":13},"end":{"line":5,"column":14}},"loc":{"start":{"line":5,"column":32},"end":{"line":5,"column":70}},"line":5},"1":{"name":"(anonymous_1)","decl":{"start":{"line":7,"column":20},"end":{"line":7,"column":21}},"loc":{"start":{"line":7,"column":64},"end":{"line":22,"column":1}},"line":7},"2":{"name":"(anonymous_2)","decl":{"start":{"line":12,"column":6},"end":{"line":12,"column":7}},"loc":{"start":{"line":12,"column":11},"end":{"line":15,"column":7}},"line":12}},"branchMap":{"0":{"loc":{"start":{"line":8,"column":20},"end":{"line":8,"column":47}},"type":"cond-expr","locations":[{"start":{"line":8,"column":37},"end":{"line":8,"column":41}},{"start":{"line":8,"column":44},"end":{"line":8,"column":47}}],"line":8},"1":{"loc":{"start":{"line":10,"column":22},"end":{"line":15,"column":7}},"type":"cond-expr","locations":[{"start":{"line":11,"column":6},"end":{"line":11,"column":10}},{"start":{"line":12,"column":6},"end":{"line":15,"column":7}}],"line":10}},"s":{"0":1,"1":4,"2":1,"3":21,"4":21,"5":1,"6":1,"7":21,"8":1,"9":1,"10":1,"11":1},"f":{"0":4,"1":21,"2":1},"b":{"0":[4,17],"1":[11,10]},"_coverageSchema":"1a1c01bbd47fc00a2c39e90264f33305004495a9","hash":"c76a2b1724c61951735574ebb0dbe0fb92232509"}
,"/Users/henrique/dev/react-ninja/guithub-app/src/components/Profile/index.js": {"path":"/Users/henrique/dev/react-ninja/guithub-app/src/components/Profile/index.js","statementMap":{"0":{"start":{"line":6,"column":23},"end":{"line":20,"column":1}},"1":{"start":{"line":7,"column":2},"end":{"line":19,"column":4}},"2":{"start":{"line":22,"column":0},"end":{"line":27,"column":2}},"3":{"start":{"line":29,"column":0},"end":{"line":34,"column":2}}},"fnMap":{"0":{"name":"(anonymous_0)","decl":{"start":{"line":6,"column":23},"end":{"line":6,"column":24}},"loc":{"start":{"line":6,"column":59},"end":{"line":20,"column":1}},"line":6}},"branchMap":{},"s":{"0":1,"1":7,"2":1,"3":1},"f":{"0":7},"b":{},"_coverageSchema":"1a1c01bbd47fc00a2c39e90264f33305004495a9","hash":"77cf8cd09128a28ad8912ffafaf4578d99405b83"}
,"/Users/henrique/dev/react-ninja/guithub-app/src/components/RepositoryCard/index.js": {"path":"/Users/henrique/dev/react-ninja/guithub-app/src/components/RepositoryCard/index.js","statementMap":{"0":{"start":{"line":6,"column":30},"end":{"line":23,"column":1}},"1":{"start":{"line":7,"column":2},"end":{"line":22,"column":4}},"2":{"start":{"line":25,"column":0},"end":{"line":28,"column":2}}},"fnMap":{"0":{"name":"(anonymous_0)","decl":{"start":{"line":6,"column":30},"end":{"line":6,"column":31}},"loc":{"start":{"line":6,"column":56},"end":{"line":23,"column":1}},"line":6}},"branchMap":{},"s":{"0":1,"1":4,"2":1},"f":{"0":4},"b":{},"_coverageSchema":"1a1c01bbd47fc00a2c39e90264f33305004495a9","hash":"f1fc0c725e0969778cf136a4da410190041d9740"}
,"/Users/henrique/dev/react-ninja/guithub-app/src/components/RepositoryInfo/index.js": {"path":"/Users/henrique/dev/react-ninja/guithub-app/src/components/RepositoryInfo/index.js","statementMap":{"0":{"start":{"line":6,"column":30},"end":{"line":13,"column":1}},"1":{"start":{"line":7,"column":2},"end":{"line":12,"column":4}},"2":{"start":{"line":15,"column":0},"end":{"line":19,"column":2}}},"fnMap":{"0":{"name":"(anonymous_0)","decl":{"start":{"line":6,"column":30},"end":{"line":6,"column":31}},"loc":{"start":{"line":6,"column":58},"end":{"line":13,"column":1}},"line":6}},"branchMap":{},"s":{"0":1,"1":3,"2":1},"f":{"0":3},"b":{},"_coverageSchema":"1a1c01bbd47fc00a2c39e90264f33305004495a9","hash":"18c013079f04ef088b436acc8003e1abeb1030be"}
,"/Users/henrique/dev/react-ninja/guithub-app/src/components/Title/index.js": {"path":"/Users/henrique/dev/react-ninja/guithub-app/src/components/Title/index.js","statementMap":{"0":{"start":{"line":6,"column":21},"end":{"line":8,"column":1}},"1":{"start":{"line":7,"column":2},"end":{"line":7,"column":62}},"2":{"start":{"line":10,"column":0},"end":{"line":12,"column":2}},"3":{"start":{"line":14,"column":0},"end":{"line":17,"column":2}}},"fnMap":{"0":{"name":"(anonymous_0)","decl":{"start":{"line":6,"column":21},"end":{"line":6,"column":22}},"loc":{"start":{"line":6,"column":50},"end":{"line":8,"column":1}},"line":6}},"branchMap":{},"s":{"0":1,"1":4,"2":1,"3":1},"f":{"0":4},"b":{},"_coverageSchema":"1a1c01bbd47fc00a2c39e90264f33305004495a9","hash":"3152b1bd684b2db57f2f7d790e3d4ca3bdfed5a1"}
,"/Users/henrique/dev/react-ninja/guithub-app/src/utils/pagination/index.js": {"path":"/Users/henrique/dev/react-ninja/guithub-app/src/utils/pagination/index.js","statementMap":{"0":{"start":{"line":1,"column":20},"end":{"line":11,"column":1}},"1":{"start":{"line":2,"column":2},"end":{"line":4,"column":3}},"2":{"start":{"line":3,"column":4},"end":{"line":3,"column":13}},"3":{"start":{"line":6,"column":2},"end":{"line":8,"column":3}},"4":{"start":{"line":7,"column":4},"end":{"line":7,"column":26}},"5":{"start":{"line":10,"column":2},"end":{"line":10,"column":24}},"6":{"start":{"line":13,"column":17},"end":{"line":13,"column":51}},"7":{"start":{"line":13,"column":26},"end":{"line":13,"column":51}},"8":{"start":{"line":16,"column":2},"end":{"line":18,"column":3}},"9":{"start":{"line":17,"column":4},"end":{"line":17,"column":52}},"10":{"start":{"line":20,"column":2},"end":{"line":22,"column":3}},"11":{"start":{"line":21,"column":4},"end":{"line":21,"column":52}},"12":{"start":{"line":24,"column":2},"end":{"line":26,"column":3}},"13":{"start":{"line":25,"column":4},"end":{"line":25,"column":58}},"14":{"start":{"line":25,"column":51},"end":{"line":25,"column":56}},"15":{"start":{"line":28,"column":23},"end":{"line":28,"column":24}},"16":{"start":{"line":29,"column":16},"end":{"line":36,"column":3}},"17":{"start":{"line":33,"column":16},"end":{"line":33,"column":54}},"18":{"start":{"line":38,"column":40},"end":{"line":40,"column":3}},"19":{"start":{"line":39,"column":26},"end":{"line":39,"column":53}},"20":{"start":{"line":42,"column":18},"end":{"line":42,"column":52}},"21":{"start":{"line":43,"column":19},"end":{"line":43,"column":53}},"22":{"start":{"line":45,"column":2},"end":{"line":51,"column":3}},"23":{"start":{"line":46,"column":4},"end":{"line":50,"column":6}},"24":{"start":{"line":53,"column":2},"end":{"line":53,"column":60}},"25":{"start":{"line":55,"column":2},"end":{"line":61,"column":3}},"26":{"start":{"line":56,"column":4},"end":{"line":60,"column":6}},"27":{"start":{"line":64,"column":4},"end":{"line":64,"column":79}},"28":{"start":{"line":66,"column":4},"end":{"line":66,"column":79}},"29":{"start":{"line":68,"column":2},"end":{"line":74,"column":3}},"30":{"start":{"line":69,"column":4},"end":{"line":73,"column":6}},"31":{"start":{"line":76,"column":2},"end":{"line":77,"column":80}},"32":{"start":{"line":78,"column":2},"end":{"line":79,"column":80}},"33":{"start":{"line":81,"column":2},"end":{"line":87,"column":3}},"34":{"start":{"line":82,"column":4},"end":{"line":86,"column":6}},"35":{"start":{"line":89,"column":2},"end":{"line":89,"column":41}}},"fnMap":{"0":{"name":"(anonymous_0)","decl":{"start":{"line":1,"column":20},"end":{"line":1,"column":21}},"loc":{"start":{"line":1,"column":47},"end":{"line":11,"column":1}},"line":1},"1":{"name":"(anonymous_1)","decl":{"start":{"line":13,"column":17},"end":{"line":13,"column":18}},"loc":{"start":{"line":13,"column":26},"end":{"line":13,"column":51}},"line":13},"2":{"name":"pagination","decl":{"start":{"line":15,"column":16},"end":{"line":15,"column":26}},"loc":{"start":{"line":15,"column":63},"end":{"line":90,"column":1}},"line":15},"3":{"name":"(anonymous_3)","decl":{"start":{"line":25,"column":41},"end":{"line":25,"column":42}},"loc":{"start":{"line":25,"column":51},"end":{"line":25,"column":56}},"line":25},"4":{"name":"(anonymous_4)","decl":{"start":{"line":33,"column":6},"end":{"line":33,"column":7}},"loc":{"start":{"line":33,"column":16},"end":{"line":33,"column":54}},"line":33},"5":{"name":"(anonymous_5)","decl":{"start":{"line":39,"column":4},"end":{"line":39,"column":5}},"loc":{"start":{"line":39,"column":26},"end":{"line":39,"column":53}},"line":39}},"branchMap":{"0":{"loc":{"start":{"line":2,"column":2},"end":{"line":4,"column":3}},"type":"if","locations":[{"start":{"line":2,"column":2},"end":{"line":4,"column":3}},{"start":{},"end":{}}],"line":2},"1":{"loc":{"start":{"line":6,"column":2},"end":{"line":8,"column":3}},"type":"if","locations":[{"start":{"line":6,"column":2},"end":{"line":8,"column":3}},{"start":{},"end":{}}],"line":6},"2":{"loc":{"start":{"line":15,"column":27},"end":{"line":15,"column":61}},"type":"default-arg","locations":[{"start":{"line":15,"column":59},"end":{"line":15,"column":61}}],"line":15},"3":{"loc":{"start":{"line":15,"column":29},"end":{"line":15,"column":38}},"type":"default-arg","locations":[{"start":{"line":15,"column":37},"end":{"line":15,"column":38}}],"line":15},"4":{"loc":{"start":{"line":15,"column":40},"end":{"line":15,"column":54}},"type":"default-arg","locations":[{"start":{"line":15,"column":53},"end":{"line":15,"column":54}}],"line":15},"5":{"loc":{"start":{"line":16,"column":2},"end":{"line":18,"column":3}},"type":"if","locations":[{"start":{"line":16,"column":2},"end":{"line":18,"column":3}},{"start":{},"end":{}}],"line":16},"6":{"loc":{"start":{"line":20,"column":2},"end":{"line":22,"column":3}},"type":"if","locations":[{"start":{"line":20,"column":2},"end":{"line":22,"column":3}},{"start":{},"end":{}}],"line":20},"7":{"loc":{"start":{"line":24,"column":2},"end":{"line":26,"column":3}},"type":"if","locations":[{"start":{"line":24,"column":2},"end":{"line":26,"column":3}},{"start":{},"end":{}}],"line":24},"8":{"loc":{"start":{"line":45,"column":2},"end":{"line":51,"column":3}},"type":"if","locations":[{"start":{"line":45,"column":2},"end":{"line":51,"column":3}},{"start":{},"end":{}}],"line":45},"9":{"loc":{"start":{"line":55,"column":2},"end":{"line":61,"column":3}},"type":"if","locations":[{"start":{"line":55,"column":2},"end":{"line":61,"column":3}},{"start":{},"end":{}}],"line":55},"10":{"loc":{"start":{"line":68,"column":2},"end":{"line":74,"column":3}},"type":"if","locations":[{"start":{"line":68,"column":2},"end":{"line":74,"column":3}},{"start":{},"end":{}}],"line":68},"11":{"loc":{"start":{"line":81,"column":2},"end":{"line":87,"column":3}},"type":"if","locations":[{"start":{"line":81,"column":2},"end":{"line":87,"column":3}},{"start":{},"end":{}}],"line":81}},"s":{"0":2,"1":51,"2":9,"3":42,"4":3,"5":39,"6":2,"7":47,"8":24,"9":1,"10":23,"11":1,"12":22,"13":5,"14":10,"15":17,"16":17,"17":51,"18":17,"19":85,"20":17,"21":17,"22":17,"23":2,"24":17,"25":17,"26":5,"27":17,"28":17,"29":17,"30":2,"31":15,"32":15,"33":15,"34":10,"35":15},"f":{"0":51,"1":47,"2":24,"3":10,"4":51,"5":85},"b":{"0":[9,42],"1":[3,39],"2":[1],"3":[2],"4":[3],"5":[1,23],"6":[1,22],"7":[5,17],"8":[2,15],"9":[5,12],"10":[2,15],"11":[10,5]},"_coverageSchema":"1a1c01bbd47fc00a2c39e90264f33305004495a9","hash":"bac5a3d27e7a42325298c4b52d0596e2a93313dc"}
}
