TN:
SF:src/components/Button/index.js
FN:7,(anonymous_0)
FNF:1
FNH:1
FNDA:10,(anonymous_0)
DA:7,2
DA:8,10
DA:15,2
DA:20,2
LF:4
LH:4
BRF:0
BRH:0
end_of_record
TN:
SF:src/components/Header/index.js
FN:9,(anonymous_0)
FNF:1
FNH:1
FNDA:5,(anonymous_0)
DA:9,1
DA:10,5
DA:26,1
DA:30,1
LF:4
LH:4
BRDA:14,0,0,5
BRDA:14,0,1,3
BRF:2
BRH:2
end_of_record
TN:
SF:src/components/InputSearch/index.js
FN:8,(anonymous_0)
FNF:1
FNH:1
FNDA:5,(anonymous_0)
DA:8,1
DA:15,5
DA:37,1
DA:42,1
LF:4
LH:4
BRDA:18,0,0,2
BRDA:18,0,1,3
BRDA:28,1,0,5
BRDA:28,1,1,2
BRF:4
BRH:4
end_of_record
TN:
SF:src/components/Pagination/index.js
FN:11,(anonymous_0)
FN:14,(anonymous_1)
FNF:2
FNH:2
FNDA:5,(anonymous_0)
FNDA:21,(anonymous_1)
DA:11,1
DA:12,5
DA:15,21
DA:31,1
DA:38,1
LF:5
LH:5
BRDA:16,0,0,4
BRDA:16,0,1,17
BRF:2
BRH:2
end_of_record
TN:
SF:src/components/Pagination/Page/index.js
FN:5,(anonymous_0)
FN:7,(anonymous_1)
FN:12,(anonymous_2)
FNF:3
FNH:3
FNDA:4,(anonymous_0)
FNDA:21,(anonymous_1)
FNDA:1,(anonymous_2)
DA:5,4
DA:7,1
DA:8,21
DA:10,21
DA:13,1
DA:14,1
DA:17,21
DA:24,1
DA:28,1
DA:32,1
DA:38,1
LF:11
LH:11
BRDA:8,0,0,4
BRDA:8,0,1,17
BRDA:10,1,0,11
BRDA:10,1,1,10
BRF:4
BRH:4
end_of_record
TN:
SF:src/components/Profile/index.js
FN:6,(anonymous_0)
FNF:1
FNH:1
FNDA:7,(anonymous_0)
DA:6,1
DA:7,7
DA:22,1
DA:29,1
LF:4
LH:4
BRF:0
BRH:0
end_of_record
TN:
SF:src/components/RepositoryCard/index.js
FN:6,(anonymous_0)
FNF:1
FNH:1
FNDA:4,(anonymous_0)
DA:6,1
DA:7,4
DA:25,1
LF:3
LH:3
BRF:0
BRH:0
end_of_record
TN:
SF:src/components/RepositoryInfo/index.js
FN:6,(anonymous_0)
FNF:1
FNH:1
FNDA:3,(anonymous_0)
DA:6,1
DA:7,3
DA:15,1
LF:3
LH:3
BRF:0
BRH:0
end_of_record
TN:
SF:src/components/Title/index.js
FN:6,(anonymous_0)
FNF:1
FNH:1
FNDA:4,(anonymous_0)
DA:6,1
DA:7,4
DA:10,1
DA:14,1
LF:4
LH:4
BRF:0
BRH:0
end_of_record
TN:
SF:src/utils/pagination/index.js
FN:1,(anonymous_0)
FN:13,(anonymous_1)
FN:15,pagination
FN:25,(anonymous_3)
FN:33,(anonymous_4)
FN:39,(anonymous_5)
FNF:6
FNH:6
FNDA:51,(anonymous_0)
FNDA:47,(anonymous_1)
FNDA:24,pagination
FNDA:10,(anonymous_3)
FNDA:51,(anonymous_4)
FNDA:85,(anonymous_5)
DA:1,2
DA:2,51
DA:3,9
DA:6,42
DA:7,3
DA:10,39
DA:13,47
DA:16,24
DA:17,1
DA:20,23
DA:21,1
DA:24,22
DA:25,10
DA:28,17
DA:29,17
DA:33,51
DA:38,17
DA:39,85
DA:42,17
DA:43,17
DA:45,17
DA:46,2
DA:53,17
DA:55,17
DA:56,5
DA:64,17
DA:66,17
DA:68,17
DA:69,2
DA:76,15
DA:78,15
DA:81,15
DA:82,10
DA:89,15
LF:34
LH:34
BRDA:2,0,0,9
BRDA:2,0,1,42
BRDA:6,1,0,3
BRDA:6,1,1,39
BRDA:15,2,0,1
BRDA:15,3,0,2
BRDA:15,4,0,3
BRDA:16,5,0,1
BRDA:16,5,1,23
BRDA:20,6,0,1
BRDA:20,6,1,22
BRDA:24,7,0,5
BRDA:24,7,1,17
BRDA:45,8,0,2
BRDA:45,8,1,15
BRDA:55,9,0,5
BRDA:55,9,1,12
BRDA:68,10,0,2
BRDA:68,10,1,15
BRDA:81,11,0,10
BRDA:81,11,1,5
BRF:21
BRH:21
end_of_record
